Arguments: 
  /usr/local/Cellar/node/16.5.0/bin/node /usr/local/bin/yarn add Web3

PATH: 
  /usr/local/bin:/usr/bin:/bin:/usr/sbin:/sbin:/Library/Apple/usr/bin:/Users/alitanveer/desktop/Flutter/flutter/bin:/Users/alitanveer/desktop/Flutter/flutter/bin

Yarn version: 
  1.22.11

Node version: 
  16.5.0

Platform: 
  darwin x64

Trace: 
  Error: https://registry.yarnpkg.com/Web3: Not found
      at Request.params.callback [as _callback] (/usr/local/lib/node_modules/yarn/lib/cli.js:66992:18)
      at Request.self.callback (/usr/local/lib/node_modules/yarn/lib/cli.js:140763:22)
      at Request.emit (node:events:394:28)
      at Request.<anonymous> (/usr/local/lib/node_modules/yarn/lib/cli.js:141735:10)
      at Request.emit (node:events:394:28)
      at IncomingMessage.<anonymous> (/usr/local/lib/node_modules/yarn/lib/cli.js:141657:12)
      at Object.onceWrapper (node:events:513:28)
      at IncomingMessage.emit (node:events:406:35)
      at endReadableNT (node:internal/streams/readable:1331:12)
      at processTicksAndRejections (node:internal/process/task_queues:83:21)

npm manifest: 
  {
    "name": "node-task-2",
    "version": "1.0.0",
    "description": "",
    "main": "server.js",
    "scripts": {
      "test": "echo \"Error: no test specified\" && exit 1",
      "start": "node server.js",
      "dev": "nodemon server.js"
    },
    "author": "",
    "license": "ISC",
    "dependencies": {
      "bcryptjs": "^2.4.3",
      "body-parser": "^1.19.0",
      "cors": "^2.8.5",
      "dotenv": "^10.0.0",
      "express": "^4.17.1",
      "jsonwebtoken": "^8.5.1",
      "jwt-simple": "^0.5.6",
      "moment": "^2.29.1",
      "nodemon": "^2.0.12",
      "pg": "^8.7.1",
      "pg-hstore": "^2.3.4",
      "sequelize": "^6.6.5",
      "sequelize-cli": "^6.2.0",
      "swagger-jsdoc": "^6.1.0",
      "swagger-ui-express": "^4.1.6"
    },
    "devDependencies": {
      "eslint": "^7.31.0",
      "eslint-config-airbnb-base": "^14.2.1",
      "eslint-config-node": "^4.1.0",
      "eslint-config-prettier": "^8.3.0",
      "eslint-plugin-import": "^2.23.4",
      "eslint-plugin-node": "^11.1.0",
      "eslint-plugin-prettier": "^3.4.0",
      "prettier": "^2.3.2"
    }
  }

yarn manifest: 
  No manifest

Lockfile: 
  No lockfile
